<?xml version="1.0" encoding="UTF-8"?>
<!-- Generated by org.testng.reporters.JUnitXMLReporter -->
<testsuite hostname="arunkumarpi-gift" ignored="64" name="Default test" tests="1" failures="1" timestamp="25 Jun 2021 12:57:58 GMT" time="80.25" errors="0">
  <testcase name="verifyReportScheduledAllReportSearchByAdminTest" time="56.592" classname="com.boss.qa.tests.ReportScheduleTest">
    <failure type="org.openqa.selenium.NoSuchElementException" message="no such element: Unable to locate element: {&amp;quot;method&amp;quot;:&amp;quot;xpath&amp;quot;,&amp;quot;selector&amp;quot;:&amp;quot;//li[@id=&amp;apos;select2-reportOwnerselect-result-1i7t-All&amp;apos;]&amp;quot;}
  (Session info: chrome=91.0.4472.106)
For documentation on this error, please visit: https://www.seleniumhq.org/exceptions/no_such_element.html
Build info: version: &amp;apos;3.141.59&amp;apos;, revision: &amp;apos;e82be7d358&amp;apos;, time: &amp;apos;2018-11-14T08:17:03&amp;apos;
System info: host: &amp;apos;ARUNKUMARPI-GIF&amp;apos;, ip: &amp;apos;172.26.14.201&amp;apos;, os.name: &amp;apos;Windows 10&amp;apos;, os.arch: &amp;apos;amd64&amp;apos;, os.version: &amp;apos;10.0&amp;apos;, java.version: &amp;apos;1.8.0_271&amp;apos;
Driver info: org.openqa.selenium.chrome.ChromeDriver
Capabilities {acceptInsecureCerts: false, browserName: chrome, browserVersion: 91.0.4472.106, chrome: {chromedriverVersion: 91.0.4472.101 (af52a90bf870..., userDataDir: C:\Users\ARUNKU~1\AppData\L...}, goog:chromeOptions: {debuggerAddress: localhost:61621}, javascriptEnabled: true, networkConnectionEnabled: false, pageLoadStrategy: normal, platform: WINDOWS, platformName: WINDOWS, proxy: Proxy(), setWindowRect: true, strictFileInteractability: false, timeouts: {implicit: 0, pageLoad: 300000, script: 30000}, unhandledPromptBehavior: dismiss and notify, webauthn:extension:largeBlob: true, webauthn:virtualAuthenticators: true}
Session ID: 6c53b107ca95c2b4d8c671b52d7ce346
*** Element info: {Using=xpath, value=//li[@id=&amp;apos;select2-reportOwnerselect-result-1i7t-All&amp;apos;]}">
      <![CDATA[org.openqa.selenium.NoSuchElementException: no such element: Unable to locate element: {"method":"xpath","selector":"//li[@id='select2-reportOwnerselect-result-1i7t-All']"}
  (Session info: chrome=91.0.4472.106)
For documentation on this error, please visit: https://www.seleniumhq.org/exceptions/no_such_element.html
Build info: version: '3.141.59', revision: 'e82be7d358', time: '2018-11-14T08:17:03'
System info: host: 'ARUNKUMARPI-GIF', ip: '172.26.14.201', os.name: 'Windows 10', os.arch: 'amd64', os.version: '10.0', java.version: '1.8.0_271'
Driver info: org.openqa.selenium.chrome.ChromeDriver
Capabilities {acceptInsecureCerts: false, browserName: chrome, browserVersion: 91.0.4472.106, chrome: {chromedriverVersion: 91.0.4472.101 (af52a90bf870..., userDataDir: C:\Users\ARUNKU~1\AppData\L...}, goog:chromeOptions: {debuggerAddress: localhost:61621}, javascriptEnabled: true, networkConnectionEnabled: false, pageLoadStrategy: normal, platform: WINDOWS, platformName: WINDOWS, proxy: Proxy(), setWindowRect: true, strictFileInteractability: false, timeouts: {implicit: 0, pageLoad: 300000, script: 30000}, unhandledPromptBehavior: dismiss and notify, webauthn:extension:largeBlob: true, webauthn:virtualAuthenticators: true}
Session ID: 6c53b107ca95c2b4d8c671b52d7ce346
*** Element info: {Using=xpath, value=//li[@id='select2-reportOwnerselect-result-1i7t-All']}
at sun.reflect.NativeConstructorAccessorImpl.newInstance0(Native Method)
at sun.reflect.NativeConstructorAccessorImpl.newInstance(Unknown Source)
at sun.reflect.DelegatingConstructorAccessorImpl.newInstance(Unknown Source)
at java.lang.reflect.Constructor.newInstance(Unknown Source)
at org.openqa.selenium.remote.http.W3CHttpResponseCodec.createException(W3CHttpResponseCodec.java:187)
at org.openqa.selenium.remote.http.W3CHttpResponseCodec.decode(W3CHttpResponseCodec.java:122)
at org.openqa.selenium.remote.http.W3CHttpResponseCodec.decode(W3CHttpResponseCodec.java:49)
at org.openqa.selenium.remote.HttpCommandExecutor.execute(HttpCommandExecutor.java:158)
at org.openqa.selenium.remote.service.DriverCommandExecutor.execute(DriverCommandExecutor.java:83)
at org.openqa.selenium.remote.RemoteWebDriver.execute(RemoteWebDriver.java:552)
at org.openqa.selenium.remote.RemoteWebDriver.findElement(RemoteWebDriver.java:323)
at org.openqa.selenium.remote.RemoteWebDriver.findElementByXPath(RemoteWebDriver.java:428)
at org.openqa.selenium.By$ByXPath.findElement(By.java:353)
at org.openqa.selenium.remote.RemoteWebDriver.findElement(RemoteWebDriver.java:315)
at org.openqa.selenium.support.pagefactory.DefaultElementLocator.findElement(DefaultElementLocator.java:69)
at org.openqa.selenium.support.pagefactory.internal.LocatingElementHandler.invoke(LocatingElementHandler.java:38)
at com.sun.proxy.$Proxy9.click(Unknown Source)
at com.boss.qa.pages.ReportSchedule.scheduledReportsPageAllReportSearchFunctioanlityBasedOnAdmin(ReportSchedule.java:4783)
at com.boss.qa.tests.ReportScheduleTest.verifyReportScheduledAllReportSearchByAdminTest(ReportScheduleTest.java:1097)
at sun.reflect.NativeMethodAccessorImpl.invoke0(Native Method)
at sun.reflect.NativeMethodAccessorImpl.invoke(Unknown Source)
at sun.reflect.DelegatingMethodAccessorImpl.invoke(Unknown Source)
at java.lang.reflect.Method.invoke(Unknown Source)
at org.testng.internal.MethodInvocationHelper.invokeMethod(MethodInvocationHelper.java:124)
at org.testng.internal.Invoker.invokeMethod(Invoker.java:580)
at org.testng.internal.Invoker.invokeTestMethod(Invoker.java:716)
at org.testng.internal.Invoker.invokeTestMethods(Invoker.java:988)
at org.testng.internal.TestMethodWorker.invokeTestMethods(TestMethodWorker.java:125)
at org.testng.internal.TestMethodWorker.run(TestMethodWorker.java:109)
at org.testng.TestRunner.privateRun(TestRunner.java:648)
at org.testng.TestRunner.run(TestRunner.java:505)
at org.testng.SuiteRunner.runTest(SuiteRunner.java:455)
at org.testng.SuiteRunner.runSequentially(SuiteRunner.java:450)
at org.testng.SuiteRunner.privateRun(SuiteRunner.java:415)
at org.testng.SuiteRunner.run(SuiteRunner.java:364)
at org.testng.SuiteRunnerWorker.runSuite(SuiteRunnerWorker.java:52)
at org.testng.SuiteRunnerWorker.run(SuiteRunnerWorker.java:84)
at org.testng.TestNG.runSuitesSequentially(TestNG.java:1208)
at org.testng.TestNG.runSuitesLocally(TestNG.java:1137)
at org.testng.TestNG.runSuites(TestNG.java:1049)
at org.testng.TestNG.run(TestNG.java:1017)
at org.testng.remote.AbstractRemoteTestNG.run(AbstractRemoteTestNG.java:114)
at org.testng.remote.RemoteTestNG.initAndRun(RemoteTestNG.java:251)
at org.testng.remote.RemoteTestNG.main(RemoteTestNG.java:77)
]]>
    </failure>
  </testcase> <!-- verifyReportScheduledAllReportSearchByAdminTest -->
  <testcase name="verifyReportScheduledAllReportSearchByReportOwnerTest" time="0.0" classname="com.boss.qa.tests.ReportScheduleTest">
    <ignored/>
  </testcase> <!-- verifyReportScheduledAllReportSearchByReportOwnerTest -->
  <testcase name="verifyReportScheduledSearchBySuspendedStatusTest" time="0.0" classname="com.boss.qa.tests.ReportScheduleTest">
    <ignored/>
  </testcase> <!-- verifyReportScheduledSearchBySuspendedStatusTest -->
  <testcase name="verifyReportSchedulerForCancelActiveReportTest" time="0.0" classname="com.boss.qa.tests.ReportScheduleTest">
    <ignored/>
  </testcase> <!-- verifyReportSchedulerForCancelActiveReportTest -->
  <testcase name="verifyEndDateBeforeStartDateErrorMessageTest" time="0.0" classname="com.boss.qa.tests.ReportScheduleTest">
    <ignored/>
  </testcase> <!-- verifyEndDateBeforeStartDateErrorMessageTest -->
  <testcase name="verifyReportSchedulerForCloud9POSEmpProductivityReportWithFiscalCalendarFrequencyWeeklyAndPeriodFixedTest" time="0.0" classname="com.boss.qa.tests.ReportScheduleTest">
    <ignored/>
  </testcase> <!-- verifyReportSchedulerForCloud9POSEmpProductivityReportWithFiscalCalendarFrequencyWeeklyAndPeriodFixedTest -->
  <testcase name="verifyReportSchedulerForPaginationTest" time="0.0" classname="com.boss.qa.tests.ReportScheduleTest">
    <ignored/>
  </testcase> <!-- verifyReportSchedulerForPaginationTest -->
  <testcase name="verifyDepartmentListReportParameterFromScheduledReportPageWithNoDatesPeriodTest" time="0.0" classname="com.boss.qa.tests.ReportScheduleTest">
    <ignored/>
  </testcase> <!-- verifyDepartmentListReportParameterFromScheduledReportPageWithNoDatesPeriodTest -->
  <testcase name="verifyPastStartDateErrorMessageTest" time="0.0" classname="com.boss.qa.tests.ReportScheduleTest">
    <ignored/>
  </testcase> <!-- verifyPastStartDateErrorMessageTest -->
  <testcase name="verifyReportSchedulerForCloud9POSEmpProductivityReportWithFrequencyQuarterlyAndPeriodBQTDTest" time="0.0" classname="com.boss.qa.tests.ReportScheduleTest">
    <ignored/>
  </testcase> <!-- verifyReportSchedulerForCloud9POSEmpProductivityReportWithFrequencyQuarterlyAndPeriodBQTDTest -->
  <testcase name="verifyReportSchedulerForSuspendActiveReportTest" time="0.0" classname="com.boss.qa.tests.ReportScheduleTest">
    <ignored/>
  </testcase> <!-- verifyReportSchedulerForSuspendActiveReportTest -->
  <testcase name="verifyReportScheduledSearchByPeriodQuarterlyTest" time="0.0" classname="com.boss.qa.tests.ReportScheduleTest">
    <ignored/>
  </testcase> <!-- verifyReportScheduledSearchByPeriodQuarterlyTest -->
  <testcase name="verifyReportScheduledSearchByPeriodMonthlyTest" time="0.0" classname="com.boss.qa.tests.ReportScheduleTest">
    <ignored/>
  </testcase> <!-- verifyReportScheduledSearchByPeriodMonthlyTest -->
  <testcase name="verifyReportSchedulerForCloud9POSEmpProductivityReportWithFrequencyMonthlyAndPeriodBMTDTest" time="0.0" classname="com.boss.qa.tests.ReportScheduleTest">
    <ignored/>
  </testcase> <!-- verifyReportSchedulerForCloud9POSEmpProductivityReportWithFrequencyMonthlyAndPeriodBMTDTest -->
  <testcase name="verifyBlankEmailBodyFieldErrorMessageTest" time="0.0" classname="com.boss.qa.tests.ReportScheduleTest">
    <ignored/>
  </testcase> <!-- verifyBlankEmailBodyFieldErrorMessageTest -->
  <testcase name="verifyReportSchedulerForCloud9POSEmpProductivityReportWithFiscalCalendarFrequencyMonthlyAndPeriodLastQuarterTest" time="0.0" classname="com.boss.qa.tests.ReportScheduleTest">
    <ignored/>
  </testcase> <!-- verifyReportSchedulerForCloud9POSEmpProductivityReportWithFiscalCalendarFrequencyMonthlyAndPeriodLastQuarterTest -->
  <testcase name="verifyReportScheduledSearchByPeriodDailyTest" time="0.0" classname="com.boss.qa.tests.ReportScheduleTest">
    <ignored/>
  </testcase> <!-- verifyReportScheduledSearchByPeriodDailyTest -->
  <testcase name="verifyBlankEmailSubjectFieldErrorMessageTest" time="0.0" classname="com.boss.qa.tests.ReportScheduleTest">
    <ignored/>
  </testcase> <!-- verifyBlankEmailSubjectFieldErrorMessageTest -->
  <testcase name="verifyReportSchedulerForCloud9POSEmpProductivityReportWithFiscalCalendarFrequencyDailyAndPeriodCurrentMonthTest" time="0.0" classname="com.boss.qa.tests.ReportScheduleTest">
    <ignored/>
  </testcase> <!-- verifyReportSchedulerForCloud9POSEmpProductivityReportWithFiscalCalendarFrequencyDailyAndPeriodCurrentMonthTest -->
  <testcase name="verifyBlankStartDateErrorMessageTest" time="0.0" classname="com.boss.qa.tests.ReportScheduleTest">
    <ignored/>
  </testcase> <!-- verifyBlankStartDateErrorMessageTest -->
  <testcase name="verifyReportSchedulerForCashReceiptsReportWithFrequencyMonthlyAndPeriodPBMTestTest" time="0.0" classname="com.boss.qa.tests.ReportScheduleTest">
    <ignored/>
  </testcase> <!-- verifyReportSchedulerForCashReceiptsReportWithFrequencyMonthlyAndPeriodPBMTestTest -->
  <testcase name="verifyReportSchedulerForReassignMultipleReportTest" time="0.0" classname="com.boss.qa.tests.ReportScheduleTest">
    <ignored/>
  </testcase> <!-- verifyReportSchedulerForReassignMultipleReportTest -->
  <testcase name="verifyReportSchedulerForCloud9POSEmpProductivityReportWithFiscalCalendarFrequencyMonthlyAndPeriodCurrentYearTest" time="0.0" classname="com.boss.qa.tests.ReportScheduleTest">
    <ignored/>
  </testcase> <!-- verifyReportSchedulerForCloud9POSEmpProductivityReportWithFiscalCalendarFrequencyMonthlyAndPeriodCurrentYearTest -->
  <testcase name="verifyReportScheduledSearchByActiveStatusTest" time="0.0" classname="com.boss.qa.tests.ReportScheduleTest">
    <ignored/>
  </testcase> <!-- verifyReportScheduledSearchByActiveStatusTest -->
  <testcase name="verifyReportSchedulerForCashReceiptsReportWithFrequencyWeeklyAndPeriodPBWTestTest" time="0.0" classname="com.boss.qa.tests.ReportScheduleTest">
    <ignored/>
  </testcase> <!-- verifyReportSchedulerForCashReceiptsReportWithFrequencyWeeklyAndPeriodPBWTestTest -->
  <testcase name="verifyBlankTimeZoneErrorMessageTest" time="0.0" classname="com.boss.qa.tests.ReportScheduleTest">
    <ignored/>
  </testcase> <!-- verifyBlankTimeZoneErrorMessageTest -->
  <testcase name="verifyReportSchedulerForCashReceiptsReportTest2" time="0.0" classname="com.boss.qa.tests.ReportScheduleTest">
    <ignored/>
  </testcase> <!-- verifyReportSchedulerForCashReceiptsReportTest2 -->
  <testcase name="verifyInvalidEmailRecipientsErrorMessageTest" time="0.0" classname="com.boss.qa.tests.ReportScheduleTest">
    <ignored/>
  </testcase> <!-- verifyInvalidEmailRecipientsErrorMessageTest -->
  <testcase name="verifyReportBlankReportFormatErrorMessageTest" time="0.0" classname="com.boss.qa.tests.ReportScheduleTest">
    <ignored/>
  </testcase> <!-- verifyReportBlankReportFormatErrorMessageTest -->
  <testcase name="verifyReportSchedulerForCancelSuspendedReportTest" time="0.0" classname="com.boss.qa.tests.ReportScheduleTest">
    <ignored/>
  </testcase> <!-- verifyReportSchedulerForCancelSuspendedReportTest -->
  <testcase name="verifyReportScheduledForCashReceiptsReportUpdateTest" time="0.0" classname="com.boss.qa.tests.ReportScheduleTest">
    <ignored/>
  </testcase> <!-- verifyReportScheduledForCashReceiptsReportUpdateTest -->
  <testcase name="verifyReportSchedulerForReassignSingleReportTest" time="0.0" classname="com.boss.qa.tests.ReportScheduleTest">
    <ignored/>
  </testcase> <!-- verifyReportSchedulerForReassignSingleReportTest -->
  <testcase name="verifyReportSchedulerForCloud9POSEmpProductivityReportWithFiscalCalendarFrequencyMonthlyAndPeriodLastYearTest" time="0.0" classname="com.boss.qa.tests.ReportScheduleTest">
    <ignored/>
  </testcase> <!-- verifyReportSchedulerForCloud9POSEmpProductivityReportWithFiscalCalendarFrequencyMonthlyAndPeriodLastYearTest -->
  <testcase name="verifyReportSchedulerForCloud9POSEmpProductivityReportUpdateTimeZoneTest" time="0.0" classname="com.boss.qa.tests.ReportScheduleTest">
    <ignored/>
  </testcase> <!-- verifyReportSchedulerForCloud9POSEmpProductivityReportUpdateTimeZoneTest -->
  <testcase name="verifyReportScheduledSearchByReportNameTest" time="0.0" classname="com.boss.qa.tests.ReportScheduleTest">
    <ignored/>
  </testcase> <!-- verifyReportScheduledSearchByReportNameTest -->
  <testcase name="verifyBlankEmailRecipientsFieldErrorMessageTest" time="0.0" classname="com.boss.qa.tests.ReportScheduleTest">
    <ignored/>
  </testcase> <!-- verifyBlankEmailRecipientsFieldErrorMessageTest -->
  <testcase name="verifyReportSchedulerForCashReceiptsReportWithFrequencyYearlyAndPeriodPBYTestTest" time="0.0" classname="com.boss.qa.tests.ReportScheduleTest">
    <ignored/>
  </testcase> <!-- verifyReportSchedulerForCashReceiptsReportWithFrequencyYearlyAndPeriodPBYTestTest -->
  <testcase name="verifyReportSchedulerForHelpTest" time="0.0" classname="com.boss.qa.tests.ReportScheduleTest">
    <ignored/>
  </testcase> <!-- verifyReportSchedulerForHelpTest -->
  <testcase name="verifyReportSchedulerForCloud9POSEmpProductivityReportWithFiscalCalendarFrequencyDailyAndPeriodLastWeekTest" time="0.0" classname="com.boss.qa.tests.ReportScheduleTest">
    <ignored/>
  </testcase> <!-- verifyReportSchedulerForCloud9POSEmpProductivityReportWithFiscalCalendarFrequencyDailyAndPeriodLastWeekTest -->
  <testcase name="verifyInvMovementStyleColorArtiReportParameterFromScheduledReportPageWithTwoDatesPeriodTest" time="0.0" classname="com.boss.qa.tests.ReportScheduleTest">
    <ignored/>
  </testcase> <!-- verifyInvMovementStyleColorArtiReportParameterFromScheduledReportPageWithTwoDatesPeriodTest -->
  <testcase name="verifyCondensedFlashReportParameterFromScheduledReportPageWithOneDatesPeriodTest" time="0.0" classname="com.boss.qa.tests.ReportScheduleTest">
    <ignored/>
  </testcase> <!-- verifyCondensedFlashReportParameterFromScheduledReportPageWithOneDatesPeriodTest -->
  <testcase name="verifyReportSchedulerForCashReceiptsReportWithFrequencyQuarterlyAndPeriodPBQTestTest" time="0.0" classname="com.boss.qa.tests.ReportScheduleTest">
    <ignored/>
  </testcase> <!-- verifyReportSchedulerForCashReceiptsReportWithFrequencyQuarterlyAndPeriodPBQTestTest -->
  <testcase name="verifyReportSchedulerForResetButtonTest" time="0.0" classname="com.boss.qa.tests.ReportScheduleTest">
    <ignored/>
  </testcase> <!-- verifyReportSchedulerForResetButtonTest -->
  <testcase name="verifyFiscalCalendarPastReportRunDateErrorMessageTest" time="0.0" classname="com.boss.qa.tests.ReportScheduleTest">
    <ignored/>
  </testcase> <!-- verifyFiscalCalendarPastReportRunDateErrorMessageTest -->
  <testcase name="verifyReportSchedulerForCloud9POSEmpProductivityReportWithFiscalCalendarFrequencyOnceAndPeriodDateOfFireTodayTest" time="0.0" classname="com.boss.qa.tests.ReportScheduleTest">
    <ignored/>
  </testcase> <!-- verifyReportSchedulerForCloud9POSEmpProductivityReportWithFiscalCalendarFrequencyOnceAndPeriodDateOfFireTodayTest -->
  <testcase name="verifyBlankReportNameErrorMessageTest" time="0.0" classname="com.boss.qa.tests.ReportScheduleTest">
    <ignored/>
  </testcase> <!-- verifyBlankReportNameErrorMessageTest -->
  <testcase name="verifyReportScheduledSearchByPeriodOnceTest" time="0.0" classname="com.boss.qa.tests.ReportScheduleTest">
    <ignored/>
  </testcase> <!-- verifyReportScheduledSearchByPeriodOnceTest -->
  <testcase name="verifyReportScheduledSpecificSearchByReportOwnerTest" time="0.0" classname="com.boss.qa.tests.ReportScheduleTest">
    <ignored/>
  </testcase> <!-- verifyReportScheduledSpecificSearchByReportOwnerTest -->
  <testcase name="verifyReportSchedulerForCloud9POSEmpProductivityReportWithFiscalCalendarFrequencyOnceAndPeriodCurrentWeekTest" time="0.0" classname="com.boss.qa.tests.ReportScheduleTest">
    <ignored/>
  </testcase> <!-- verifyReportSchedulerForCloud9POSEmpProductivityReportWithFiscalCalendarFrequencyOnceAndPeriodCurrentWeekTest -->
  <testcase name="verifyReportSchedulerForCloud9POSEmpProductivityReportWithFiscalCalendarFrequencyDailyAndPeriodYesterdayTest" time="0.0" classname="com.boss.qa.tests.ReportScheduleTest">
    <ignored/>
  </testcase> <!-- verifyReportSchedulerForCloud9POSEmpProductivityReportWithFiscalCalendarFrequencyDailyAndPeriodYesterdayTest -->
  <testcase name="verifyReportScheduledSearchByPeriodYearlyTest" time="0.0" classname="com.boss.qa.tests.ReportScheduleTest">
    <ignored/>
  </testcase> <!-- verifyReportScheduledSearchByPeriodYearlyTest -->
  <testcase name="verifyReportBlankPeriodErrorMessageTest" time="0.0" classname="com.boss.qa.tests.ReportScheduleTest">
    <ignored/>
  </testcase> <!-- verifyReportBlankPeriodErrorMessageTest -->
  <testcase name="verifyReportSchedulerForCloud9POSEmpProductivityReportWithFiscalCalendarFrequencyMonthlyAndPeriodLastXDaysExclusiveofTodayTest" time="0.0" classname="com.boss.qa.tests.ReportScheduleTest">
    <ignored/>
  </testcase> <!-- verifyReportSchedulerForCloud9POSEmpProductivityReportWithFiscalCalendarFrequencyMonthlyAndPeriodLastXDaysExclusiveofTodayTest -->
  <testcase name="verifyReportSchedulerForDepartmentListReportTest" time="0.0" classname="com.boss.qa.tests.ReportScheduleTest">
    <ignored/>
  </testcase> <!-- verifyReportSchedulerForDepartmentListReportTest -->
  <testcase name="verifyReportSchedulerForCloud9POSEmpProductivityReportWithFiscalCalendarFrequencyWeeklyAndPeriodCurrentQuarterTest" time="0.0" classname="com.boss.qa.tests.ReportScheduleTest">
    <ignored/>
  </testcase> <!-- verifyReportSchedulerForCloud9POSEmpProductivityReportWithFiscalCalendarFrequencyWeeklyAndPeriodCurrentQuarterTest -->
  <testcase name="verifyReportSchedulerForCloud9POSEmpProductivityReportWithFrequencyYearlyAndPeriodBYTDTest" time="0.0" classname="com.boss.qa.tests.ReportScheduleTest">
    <ignored/>
  </testcase> <!-- verifyReportSchedulerForCloud9POSEmpProductivityReportWithFrequencyYearlyAndPeriodBYTDTest -->
  <testcase name="verifyReportSchedulerForCloud9POSEmpProductivityReportUpdateTest" time="0.0" classname="com.boss.qa.tests.ReportScheduleTest">
    <ignored/>
  </testcase> <!-- verifyReportSchedulerForCloud9POSEmpProductivityReportUpdateTest -->
  <testcase name="verifyReportScheduledSpecificSearchByAdminTest" time="0.0" classname="com.boss.qa.tests.ReportScheduleTest">
    <ignored/>
  </testcase> <!-- verifyReportScheduledSpecificSearchByAdminTest -->
  <testcase name="verifyReportSchedulerForCloud9POSEmpProductivityReportWithFiscalCalendarFrequencyWeeklyAndPeriodLastMonthTest" time="0.0" classname="com.boss.qa.tests.ReportScheduleTest">
    <ignored/>
  </testcase> <!-- verifyReportSchedulerForCloud9POSEmpProductivityReportWithFiscalCalendarFrequencyWeeklyAndPeriodLastMonthTest -->
  <testcase name="verifyReportSchedulerForReactivateSuspendedReportTest" time="0.0" classname="com.boss.qa.tests.ReportScheduleTest">
    <ignored/>
  </testcase> <!-- verifyReportSchedulerForReactivateSuspendedReportTest -->
  <testcase name="verifyReportScheduledSearchByPeriodWeeklyTest" time="0.0" classname="com.boss.qa.tests.ReportScheduleTest">
    <ignored/>
  </testcase> <!-- verifyReportScheduledSearchByPeriodWeeklyTest -->
  <testcase name="verifyReportSchedulerForCloud9POSEmpProductivityReportWithFrequencyWeeklyAndPeriodBWTDTest" time="0.0" classname="com.boss.qa.tests.ReportScheduleTest">
    <ignored/>
  </testcase> <!-- verifyReportSchedulerForCloud9POSEmpProductivityReportWithFrequencyWeeklyAndPeriodBWTDTest -->
  <testcase name="verifyReportScheduledSearchByCancelledStatusTest" time="0.0" classname="com.boss.qa.tests.ReportScheduleTest">
    <ignored/>
  </testcase> <!-- verifyReportScheduledSearchByCancelledStatusTest -->
  <testcase name="verifyReportSchedulerForCloud9POSEmpProductivityReportWithFiscalCalendarFrequencyMonthlyAndPeriodLastXDaysInclusiveofTodayTest" time="0.0" classname="com.boss.qa.tests.ReportScheduleTest">
    <ignored/>
  </testcase> <!-- verifyReportSchedulerForCloud9POSEmpProductivityReportWithFiscalCalendarFrequencyMonthlyAndPeriodLastXDaysInclusiveofTodayTest -->
  <testcase name="verifyFiscalCalendarBlankReportRunDateErrorMessageTest" time="0.0" classname="com.boss.qa.tests.ReportScheduleTest">
    <ignored/>
  </testcase> <!-- verifyFiscalCalendarBlankReportRunDateErrorMessageTest -->
</testsuite> <!-- Default test -->
